<?xml version="1.0" encoding="UTF-8"?>
<!-- Generated by org.testng.reporters.JUnitReportReporter -->
<testsuite hostname="TanmayJ13401" name="lm.solution.DriverCompleteOrderTests" tests="6" failures="0" timestamp="23 Jan 2019 06:17:19 GMT" time="20.448" errors="0">
  <testcase name="TestCase_Complete_Order_VerifyErrorMessage_InvalidID" time="3.601" classname="lm.solution.DriverCompleteOrderTests"/>
  <testcase name="TestCase_Complete_Order_VerifyOrderStatus_ValidID" time="3.618" classname="lm.solution.DriverCompleteOrderTests"/>
  <testcase name="TestCase_Complete_Order_VerifyStatusCode_ValidID" time="3.610" classname="lm.solution.DriverCompleteOrderTests"/>
  <testcase name="TestCase_Complete_Order_VerifyStatusCode_InvalidID" time="3.610" classname="lm.solution.DriverCompleteOrderTests"/>
  <testcase name="TestCase_Complete_Order_VerifyStatusCode_InvalidFlow" time="3.593" classname="lm.solution.DriverCompleteOrderTests"/>
  <testcase name="TestCase_Complete_Order_VerifyOrderStatus_InvalidFlow_AssignedToComplete" time="2.416" classname="lm.solution.DriverCompleteOrderTests"/>
</testsuite> <!-- lm.solution.DriverCompleteOrderTests -->
