<?xml version="1.0" encoding="UTF-8"?>
<!-- Generated by org.testng.reporters.JUnitReportReporter -->
<testsuite hostname="TanmayJ13401" name="lm.solution.FetchOrderTests" tests="7" failures="0" timestamp="23 Jan 2019 06:17:18 GMT" time="17.334" errors="0">
  <testcase name="TestCase_Fetch_Order_VerifyFareAmount_ValidID" time="2.513" classname="lm.solution.FetchOrderTests"/>
  <testcase name="TestCase_Fetch_Order_VerifyErrorMessage_InvalidID" time="2.493" classname="lm.solution.FetchOrderTests"/>
  <testcase name="TestCase_Fetch_Order_VerifyStopsCounts_ValidID" time="2.497" classname="lm.solution.FetchOrderTests"/>
  <testcase name="TestCase_Fetch_Order_VerifyDrivingDistances_ValidID" time="2.462" classname="lm.solution.FetchOrderTests"/>
  <testcase name="TestCase_Fetch_Order_VerifyStatusCode_ValidID" time="2.472" classname="lm.solution.FetchOrderTests"/>
  <testcase name="TestCase_Fetch_Order_VerifyStatusCode_InvalidID" time="2.425" classname="lm.solution.FetchOrderTests"/>
  <testcase name="TestCase_Fetch_Order_VerifyOrderStatusForPlacedOrder" time="2.472" classname="lm.solution.FetchOrderTests"/>
</testsuite> <!-- lm.solution.FetchOrderTests -->
