<?xml version="1.0" encoding="UTF-8"?>
<!-- Generated by org.testng.reporters.JUnitReportReporter -->
<testsuite hostname="TanmayJ13401" name="lm.solution.DriverTakeOrderTests" tests="5" failures="0" timestamp="23 Jan 2019 06:17:19 GMT" time="13.588" errors="0">
  <testcase name="TestCase_Take_Order_VerifyStatusCode_ValidID" time="2.480" classname="lm.solution.DriverTakeOrderTests"/>
  <testcase name="TestCase_Take_Order_VerifyStatusCode_InvalidFlow" time="3.598" classname="lm.solution.DriverTakeOrderTests"/>
  <testcase name="TestCase_Take_Order_VerifyErrorMessage_InvalidID" time="2.524" classname="lm.solution.DriverTakeOrderTests"/>
  <testcase name="TestCase_Take_Order_VerifyStatusCode_InvalidID" time="2.518" classname="lm.solution.DriverTakeOrderTests"/>
  <testcase name="TestCase_Take_Order_VerifyOrderStatus_ValidID" time="2.468" classname="lm.solution.DriverTakeOrderTests"/>
</testsuite> <!-- lm.solution.DriverTakeOrderTests -->
