<?xml version="1.0" encoding="UTF-8"?>
<!-- Generated by org.testng.reporters.JUnitReportReporter -->
<testsuite hostname="TanmayJ13401" name="lm.solution.CancelOrderTests" tests="7" failures="0" timestamp="23 Jan 2019 06:17:19 GMT" time="21.846" errors="0">
  <testcase name="TestCase_Cancel_Order_VerifyStatusCode_ValidID_AfterTakeOrder" time="3.653" classname="lm.solution.CancelOrderTests"/>
  <testcase name="TestCase_Cancel_Order_VerifyOrderstatus_ValidID_AfterTakeOrder" time="3.492" classname="lm.solution.CancelOrderTests"/>
  <testcase name="TestCase_Cancel_Order_VerifyErrorMessage_InvalidID" time="2.501" classname="lm.solution.CancelOrderTests"/>
  <testcase name="TestCase_Cancel_Order_VerifyStatusCode_ValidID_AfterPlaceOrder" time="2.486" classname="lm.solution.CancelOrderTests"/>
  <testcase name="TestCase_Cancel_Order_VerifyStatusCode_InvalidID" time="2.417" classname="lm.solution.CancelOrderTests"/>
  <testcase name="TestCase_cancel_Order_VerifyStatusCode_InvalidFlow" time="4.914" classname="lm.solution.CancelOrderTests"/>
  <testcase name="TestCase_Cancel_Order_VerifyOrderstatus_ValidID_AfterPlaceOrder" time="2.383" classname="lm.solution.CancelOrderTests"/>
</testsuite> <!-- lm.solution.CancelOrderTests -->
