<?xml version="1.0" encoding="UTF-8"?>
<!-- Generated by org.testng.reporters.JUnitReportReporter -->
<testsuite hostname="TanmayJ13401" name="lm.solution.PlaceOrderTests" tests="12" failures="0" timestamp="23 Jan 2019 06:17:19 GMT" time="17.755" errors="0">
  <testcase name="Testcase_placeAdvanceOrder_verifyFareBelowTwoKms_NightCharges" time="1.362" classname="lm.solution.PlaceOrderTests"/>
  <testcase name="Testcase_placeAdvanceOrder_verifyDistancesCount" time="1.442" classname="lm.solution.PlaceOrderTests"/>
  <testcase name="Testcase_placeOrder_verifyDistancesCount" time="1.352" classname="lm.solution.PlaceOrderTests"/>
  <testcase name="Testcase_placeOrder_verifyCurrency" time="1.357" classname="lm.solution.PlaceOrderTests"/>
  <testcase name="Testcase_placeAdvanceOrder_verifyFareAboveTwoKms" time="1.358" classname="lm.solution.PlaceOrderTests"/>
  <testcase name="Testcase_placeAdvanceOrder_verifyFareBelowTwoKms" time="1.272" classname="lm.solution.PlaceOrderTests"/>
  <testcase name="Testcase_placeOrder_verifyID" time="1.351" classname="lm.solution.PlaceOrderTests"/>
  <testcase name="Testcase_placeOrder_verifySingleStopValue" time="1.137" classname="lm.solution.PlaceOrderTests"/>
  <testcase name="Testcase_placeAdvanceOrder_verifyFareAboveTwoKms_NightCharges" time="1.361" classname="lm.solution.PlaceOrderTests"/>
  <testcase name="Testcase_placeOrder_verifyFareAboveTwoKms" time="1.306" classname="lm.solution.PlaceOrderTests"/>
  <testcase name="Testcase_placeAdvanceOrder_VerifyId" time="3.106" classname="lm.solution.PlaceOrderTests"/>
  <testcase name="Testcase_placeOrder_verifyFareBelowTwoKms" time="1.351" classname="lm.solution.PlaceOrderTests"/>
</testsuite> <!-- lm.solution.PlaceOrderTests -->
